<?xml version="1.0" encoding="UTF-8"?>
<testng-results total="2" passed="1" failed="1" skipped="0">
  <reporter-output>
  </reporter-output>
  <suite started-at="2022-01-11T13:10:54Z" name="Suite" finished-at="2022-01-11T13:11:06Z" duration-ms="12690">
    <groups>
    </groups>
    <test started-at="2022-01-11T13:10:54Z" name="Test" finished-at="2022-01-11T13:11:06Z" duration-ms="12690">
      <class name="selectbrowserFormJenkinsOption.SelectBrowserOptionFromJenkins">
        <test-method is-config="true" signature="startApp()[pri:0, instance:selectbrowserFormJenkinsOption.SelectBrowserOptionFromJenkins@4a3631f8]" started-at="2022-01-11T18:40:54Z" name="startApp" finished-at="2022-01-11T18:41:06Z" duration-ms="12380" status="PASS">
          <reporter-output>
          </reporter-output>
        </test-method> <!-- startApp -->
        <test-method signature="validateTitle()[pri:0, instance:selectbrowserFormJenkinsOption.SelectBrowserOptionFromJenkins@4a3631f8]" started-at="2022-01-11T18:41:06Z" name="validateTitle" finished-at="2022-01-11T18:41:06Z" duration-ms="26" status="PASS">
          <reporter-output>
          </reporter-output>
        </test-method> <!-- validateTitle -->
        <test-method signature="validateTitle123()[pri:0, instance:selectbrowserFormJenkinsOption.SelectBrowserOptionFromJenkins@4a3631f8]" started-at="2022-01-11T18:41:06Z" name="validateTitle123" finished-at="2022-01-11T18:41:06Z" duration-ms="72" status="FAIL">
          <exception class="java.lang.AssertionError">
            <message>
              <![CDATA[expected [Webnetram-Login] but found [Webnetram-Login23]]]>
            </message>
            <full-stacktrace>
              <![CDATA[java.lang.AssertionError: expected [Webnetram-Login] but found [Webnetram-Login23]
	at org.testng.Assert.fail(Assert.java:94)
	at org.testng.Assert.failNotEquals(Assert.java:494)
	at org.testng.Assert.assertEquals(Assert.java:123)
	at org.testng.Assert.assertEquals(Assert.java:176)
	at org.testng.Assert.assertEquals(Assert.java:186)
	at selectbrowserFormJenkinsOption.SelectBrowserOptionFromJenkins.validateTitle123(SelectBrowserOptionFromJenkins.java:22)
	at java.base/jdk.internal.reflect.NativeMethodAccessorImpl.invoke0(Native Method)
	at java.base/jdk.internal.reflect.NativeMethodAccessorImpl.invoke(NativeMethodAccessorImpl.java:62)
	at java.base/jdk.internal.reflect.DelegatingMethodAccessorImpl.invoke(DelegatingMethodAccessorImpl.java:43)
	at java.base/java.lang.reflect.Method.invoke(Method.java:566)
	at org.testng.internal.MethodInvocationHelper.invokeMethod(MethodInvocationHelper.java:80)
	at org.testng.internal.Invoker.invokeMethod(Invoker.java:714)
	at org.testng.internal.Invoker.invokeTestMethod(Invoker.java:901)
	at org.testng.internal.Invoker.invokeTestMethods(Invoker.java:1231)
	at org.testng.internal.TestMethodWorker.invokeTestMethods(TestMethodWorker.java:127)
	at org.testng.internal.TestMethodWorker.run(TestMethodWorker.java:111)
	at org.testng.TestRunner.privateRun(TestRunner.java:767)
	at org.testng.TestRunner.run(TestRunner.java:617)
	at org.testng.SuiteRunner.runTest(SuiteRunner.java:334)
	at org.testng.SuiteRunner.runSequentially(SuiteRunner.java:329)
	at org.testng.SuiteRunner.privateRun(SuiteRunner.java:291)
	at org.testng.SuiteRunner.run(SuiteRunner.java:240)
	at org.testng.SuiteRunnerWorker.runSuite(SuiteRunnerWorker.java:52)
	at org.testng.SuiteRunnerWorker.run(SuiteRunnerWorker.java:86)
	at org.testng.TestNG.runSuitesSequentially(TestNG.java:1198)
	at org.testng.TestNG.runSuitesLocally(TestNG.java:1123)
	at org.testng.TestNG.run(TestNG.java:1031)
	at org.testng.remote.AbstractRemoteTestNG.run(AbstractRemoteTestNG.java:115)
	at org.testng.remote.RemoteTestNG.initAndRun(RemoteTestNG.java:251)
	at org.testng.remote.RemoteTestNG.main(RemoteTestNG.java:77)
]]>
            </full-stacktrace>
          </exception> <!-- java.lang.AssertionError -->
          <reporter-output>
          </reporter-output>
        </test-method> <!-- validateTitle123 -->
        <test-method is-config="true" signature="tearDown()[pri:0, instance:selectbrowserFormJenkinsOption.SelectBrowserOptionFromJenkins@4a3631f8]" started-at="2022-01-11T18:41:06Z" name="tearDown" finished-at="2022-01-11T18:41:06Z" duration-ms="196" status="PASS">
          <reporter-output>
          </reporter-output>
        </test-method> <!-- tearDown -->
      </class> <!-- selectbrowserFormJenkinsOption.SelectBrowserOptionFromJenkins -->
    </test> <!-- Test -->
  </suite> <!-- Suite -->
</testng-results>
